2024-03-08 10:23:06,752 INFO o.a.j.u.JMeterUtils: Setting Locale to en_EN
2024-03-08 10:23:06,765 INFO o.a.j.JMeter: Loading user properties from: /opt/homebrew/Cellar/jmeter/5.6.3/libexec/bin/user.properties
2024-03-08 10:23:06,765 INFO o.a.j.JMeter: Loading system properties from: /opt/homebrew/Cellar/jmeter/5.6.3/libexec/bin/system.properties
2024-03-08 10:23:06,768 INFO o.a.j.JMeter: Copyright (c) 1998-2024 The Apache Software Foundation
2024-03-08 10:23:06,768 INFO o.a.j.JMeter: Version 5.6.3
2024-03-08 10:23:06,768 INFO o.a.j.JMeter: java.version=21.0.1
2024-03-08 10:23:06,768 INFO o.a.j.JMeter: java.vm.name=OpenJDK 64-Bit Server VM
2024-03-08 10:23:06,768 INFO o.a.j.JMeter: os.name=Mac OS X
2024-03-08 10:23:06,768 INFO o.a.j.JMeter: os.arch=aarch64
2024-03-08 10:23:06,768 INFO o.a.j.JMeter: os.version=14.2.1
2024-03-08 10:23:06,768 INFO o.a.j.JMeter: file.encoding=UTF-8
2024-03-08 10:23:06,768 INFO o.a.j.JMeter: java.awt.headless=null
2024-03-08 10:23:06,768 INFO o.a.j.JMeter: Max memory     =1073741824
2024-03-08 10:23:06,768 INFO o.a.j.JMeter: Available Processors =10
2024-03-08 10:23:06,773 INFO o.a.j.JMeter: Default Locale=English (EN)
2024-03-08 10:23:06,773 INFO o.a.j.JMeter: JMeter  Locale=English (EN)
2024-03-08 10:23:06,773 INFO o.a.j.JMeter: JMeterHome=/opt/homebrew/Cellar/jmeter/5.6.3/libexec
2024-03-08 10:23:06,773 INFO o.a.j.JMeter: user.dir  =/Users/bbah/Projects/RMA/TiersOne/tiers-rma-360
2024-03-08 10:23:06,773 INFO o.a.j.JMeter: PWD       =/Users/bbah/Projects/RMA/TiersOne/tiers-rma-360
2024-03-08 10:23:06,774 INFO o.a.j.JMeter: IP: 172.20.10.2 Name: Boubacars-MacBook-Pro.local FullName: 172.20.10.2
2024-03-08 10:23:06,781 INFO o.a.j.JMeter: Loaded icon properties from org/apache/jmeter/images/icon.properties
2024-03-08 10:23:07,265 INFO o.a.j.JMeterGuiLauncher: Setting LAF to: com.github.weisj.darklaf.DarkLaf:com.github.weisj.darklaf.theme.DarculaTheme
2024-03-08 10:23:08,260 INFO o.a.j.r.ClassFinder: Will scan jar /opt/homebrew/Cellar/jmeter/5.6.3/libexec/lib/ext/jmeter-plugins-manager-1.9.jar with filter ExtendsClassFilter [parents=[interface org.apache.jmeter.gui.action.Command], inner=false, contains=null, notContains=null]. Consider exposing JMeter plugins via META-INF/services, and add JMeter-Skip-Class-Scanning=true manifest attribute so JMeter can skip classfile scanning
2024-03-08 10:23:08,325 INFO o.a.j.r.ClassFinder: Will scan jar /opt/homebrew/Cellar/jmeter/5.6.3/libexec/lib/ext/jmeter-plugins-manager-1.9.jar with filter ExtendsClassFilter [parents=[interface org.apache.jmeter.gui.plugin.MenuCreator], inner=false, contains=null, notContains=null]. Consider exposing JMeter plugins via META-INF/services, and add JMeter-Skip-Class-Scanning=true manifest attribute so JMeter can skip classfile scanning
2024-03-08 10:23:08,351 INFO o.j.r.JARSourceHTTP: Using proxy proxyrma.rmawatanya.com:8080
2024-03-08 10:23:08,353 INFO o.j.r.JARSourceHTTP: Using proxy proxyrma.rmawatanya.com:8080
2024-03-08 10:23:08,399 INFO o.j.r.JARSourceHTTP: Requesting https://jmeter-plugins.org/repo/?installID=docker-07027a2926478531beb0be05af740228-gui
2024-03-08 10:23:09,993 INFO o.j.r.JARSourceHTTP: Using proxy proxyrma.rmawatanya.com:8080
2024-03-08 10:23:09,993 INFO o.j.r.PluginManager: Plugins Status: [jpgc-plugins-manager=1.9, jmeter-core=5.6.3, jmeter-ftp=5.6.3, jmeter-http=5.6.3, jmeter-jdbc=5.6.3, jmeter-jms=5.6.3, jmeter-junit=5.6.3, jmeter-java=5.6.3, jmeter-ldap=5.6.3, jmeter-mail=5.6.3, jmeter-mongodb=5.6.3, jmeter-native=5.6.3, jmeter-tcp=5.6.3, jmeter-components=5.6.3]
2024-03-08 10:23:09,994 INFO o.j.r.PluginManagerMenuItem: Plugins Manager has upgrades: [jpgc-plugins-manager]
2024-03-08 10:24:14,135 INFO o.a.j.s.FileServer: Default base='/Users/bbah/Projects/RMA/TiersOne/tiers-rma-360'
2024-03-08 10:24:14,138 INFO o.a.j.g.a.Load: Loading file: /Users/bbah/Projects/RMA/TiersOne/TiersRMA360/JMeter-TestCases/Update clients.jmx
2024-03-08 10:24:14,138 INFO o.a.j.s.FileServer: Set new base='/Users/bbah/Projects/RMA/TiersOne/TiersRMA360/JMeter-TestCases'
2024-03-08 10:24:14,235 INFO o.a.j.s.SaveService: Testplan (JMX) version: 2.2. Testlog (JTL) version: 2.2
2024-03-08 10:24:14,239 INFO o.a.j.s.SaveService: Using SaveService properties version 5.0
2024-03-08 10:24:14,240 INFO o.a.j.s.SaveService: Using SaveService properties file encoding UTF-8
2024-03-08 10:24:14,240 INFO o.a.j.s.SaveService: Loading file: /Users/bbah/Projects/RMA/TiersOne/TiersRMA360/JMeter-TestCases/Update clients.jmx
2024-03-08 10:24:14,285 INFO o.a.j.p.h.s.HTTPSamplerBase: Parser for text/html is org.apache.jmeter.protocol.http.parser.LagartoBasedHtmlParser
2024-03-08 10:24:14,285 INFO o.a.j.p.h.s.HTTPSamplerBase: Parser for application/xhtml+xml is org.apache.jmeter.protocol.http.parser.LagartoBasedHtmlParser
2024-03-08 10:24:14,285 INFO o.a.j.p.h.s.HTTPSamplerBase: Parser for application/xml is org.apache.jmeter.protocol.http.parser.LagartoBasedHtmlParser
2024-03-08 10:24:14,285 INFO o.a.j.p.h.s.HTTPSamplerBase: Parser for text/xml is org.apache.jmeter.protocol.http.parser.LagartoBasedHtmlParser
2024-03-08 10:24:14,286 INFO o.a.j.p.h.s.HTTPSamplerBase: Parser for text/vnd.wap.wml is org.apache.jmeter.protocol.http.parser.RegexpHTMLParser
2024-03-08 10:24:14,286 INFO o.a.j.p.h.s.HTTPSamplerBase: Parser for text/css is org.apache.jmeter.protocol.http.parser.CssParser
2024-03-08 10:24:14,385 INFO o.a.j.s.SampleResult: Note: Sample TimeStamps are START times
2024-03-08 10:24:14,385 INFO o.a.j.s.SampleResult: sampleresult.default.encoding is set to UTF-8
2024-03-08 10:24:14,385 INFO o.a.j.s.SampleResult: sampleresult.useNanoTime=true
2024-03-08 10:24:14,385 INFO o.a.j.s.SampleResult: sampleresult.nanoThreadSleep=5000
2024-03-08 10:24:14,456 INFO o.a.j.r.ClassFinder: Will scan jar /opt/homebrew/Cellar/jmeter/5.6.3/libexec/lib/ext/jmeter-plugins-manager-1.9.jar with filter ExtendsClassFilter [parents=[interface org.apache.jmeter.visualizers.ResultRenderer], inner=false, contains=null, notContains=null]. Consider exposing JMeter plugins via META-INF/services, and add JMeter-Skip-Class-Scanning=true manifest attribute so JMeter can skip classfile scanning
2024-03-08 10:24:14,467 INFO o.a.j.r.ClassFinder: Will scan jar /opt/homebrew/Cellar/jmeter/5.6.3/libexec/lib/ext/jmeter-plugins-manager-1.9.jar with filter ExtendsClassFilter [parents=[interface org.apache.jmeter.visualizers.RequestView], inner=false, contains=null, notContains=null]. Consider exposing JMeter plugins via META-INF/services, and add JMeter-Skip-Class-Scanning=true manifest attribute so JMeter can skip classfile scanning
2024-03-08 10:24:14,493 INFO o.a.j.s.FileServer: Set new base='/Users/bbah/Projects/RMA/TiersOne/TiersRMA360/JMeter-TestCases'
2024-03-08 10:25:08,018 INFO o.a.j.e.StandardJMeterEngine: Running the test!
2024-03-08 10:25:08,019 INFO o.a.j.s.SampleEvent: List of sample_variables: []
2024-03-08 10:25:08,019 INFO o.a.j.s.SampleEvent: List of sample_variables: []
2024-03-08 10:25:08,020 INFO o.a.j.e.u.CompoundVariable: Note: Function class names must contain the string: '.functions.'
2024-03-08 10:25:08,020 INFO o.a.j.e.u.CompoundVariable: Note: Function class names must not contain the string: '.gui.'
2024-03-08 10:25:08,047 INFO o.a.j.r.ClassFinder: Will scan jar /opt/homebrew/Cellar/jmeter/5.6.3/libexec/lib/ext/jmeter-plugins-manager-1.9.jar with filter ExtendsClassFilter [parents=[interface org.apache.jmeter.functions.Function], inner=false, contains=null, notContains=null]. Consider exposing JMeter plugins via META-INF/services, and add JMeter-Skip-Class-Scanning=true manifest attribute so JMeter can skip classfile scanning
2024-03-08 10:25:08,051 INFO o.a.j.g.u.JMeterMenuBar: setRunning(true, *local*)
2024-03-08 10:25:08,080 INFO o.a.j.e.StandardJMeterEngine: Starting ThreadGroup: 1 : Tiers360ThreadGroup
2024-03-08 10:25:08,080 INFO o.a.j.e.StandardJMeterEngine: Starting 2 threads for group Tiers360ThreadGroup.
2024-03-08 10:25:08,080 INFO o.a.j.e.StandardJMeterEngine: Thread will continue on error
2024-03-08 10:25:08,080 INFO o.a.j.t.ThreadGroup: Starting thread group... number=1 threads=2 ramp-up=2 delayedStart=false
2024-03-08 10:25:08,081 INFO o.a.j.t.ThreadGroup: Started thread group number 1
2024-03-08 10:25:08,081 INFO o.a.j.e.StandardJMeterEngine: All thread groups have been started
2024-03-08 10:25:08,081 INFO o.a.j.t.JMeterThread: Thread started: Tiers360ThreadGroup 1-1
2024-03-08 10:25:08,085 INFO o.a.j.p.h.s.HTTPHCAbstractImpl: Local host = Boubacars-MacBook-Pro.local
2024-03-08 10:25:08,088 INFO o.a.j.p.h.s.HTTPHC4Impl: HTTP request retry count = 0
2024-03-08 10:25:08,162 INFO o.a.j.t.JMeterThread: Thread is done: Tiers360ThreadGroup 1-1
2024-03-08 10:25:08,162 INFO o.a.j.t.JMeterThread: Thread finished: Tiers360ThreadGroup 1-1
2024-03-08 10:25:09,086 INFO o.a.j.t.JMeterThread: Thread started: Tiers360ThreadGroup 1-2
2024-03-08 10:25:09,095 INFO o.a.j.t.JMeterThread: Thread is done: Tiers360ThreadGroup 1-2
2024-03-08 10:25:09,095 INFO o.a.j.t.JMeterThread: Thread finished: Tiers360ThreadGroup 1-2
2024-03-08 10:25:09,095 INFO o.a.j.e.StandardJMeterEngine: Notifying test listeners of end of test
2024-03-08 10:25:09,096 INFO o.a.j.g.u.JMeterMenuBar: setRunning(false, *local*)
2024-03-08 10:26:31,130 INFO o.a.j.e.StandardJMeterEngine: Running the test!
2024-03-08 10:26:31,130 INFO o.a.j.s.SampleEvent: List of sample_variables: []
2024-03-08 10:26:31,131 INFO o.a.j.g.u.JMeterMenuBar: setRunning(true, *local*)
2024-03-08 10:26:31,160 INFO o.a.j.e.StandardJMeterEngine: Starting ThreadGroup: 1 : Tiers360ThreadGroup
2024-03-08 10:26:31,160 INFO o.a.j.e.StandardJMeterEngine: Starting 2 threads for group Tiers360ThreadGroup.
2024-03-08 10:26:31,161 INFO o.a.j.e.StandardJMeterEngine: Thread will continue on error
2024-03-08 10:26:31,161 INFO o.a.j.t.ThreadGroup: Starting thread group... number=1 threads=2 ramp-up=2 delayedStart=false
2024-03-08 10:26:31,161 INFO o.a.j.t.ThreadGroup: Started thread group number 1
2024-03-08 10:26:31,161 INFO o.a.j.e.StandardJMeterEngine: All thread groups have been started
2024-03-08 10:26:31,161 INFO o.a.j.t.JMeterThread: Thread started: Tiers360ThreadGroup 1-1
2024-03-08 10:26:31,166 INFO o.a.j.t.JMeterThread: Thread is done: Tiers360ThreadGroup 1-1
2024-03-08 10:26:31,166 INFO o.a.j.t.JMeterThread: Thread finished: Tiers360ThreadGroup 1-1
2024-03-08 10:26:32,166 INFO o.a.j.t.JMeterThread: Thread started: Tiers360ThreadGroup 1-2
2024-03-08 10:26:32,169 INFO o.a.j.t.JMeterThread: Thread is done: Tiers360ThreadGroup 1-2
2024-03-08 10:26:32,169 INFO o.a.j.t.JMeterThread: Thread finished: Tiers360ThreadGroup 1-2
2024-03-08 10:26:32,169 INFO o.a.j.e.StandardJMeterEngine: Notifying test listeners of end of test
2024-03-08 10:26:32,170 INFO o.a.j.g.u.JMeterMenuBar: setRunning(false, *local*)
2024-03-08 10:26:54,572 INFO o.a.j.e.StandardJMeterEngine: Running the test!
2024-03-08 10:26:54,572 INFO o.a.j.s.SampleEvent: List of sample_variables: []
2024-03-08 10:26:54,573 INFO o.a.j.g.u.JMeterMenuBar: setRunning(true, *local*)
2024-03-08 10:26:54,594 INFO o.a.j.e.StandardJMeterEngine: Starting ThreadGroup: 1 : Tiers360ThreadGroup
2024-03-08 10:26:54,595 INFO o.a.j.e.StandardJMeterEngine: Starting 2 threads for group Tiers360ThreadGroup.
2024-03-08 10:26:54,595 INFO o.a.j.e.StandardJMeterEngine: Thread will continue on error
2024-03-08 10:26:54,595 INFO o.a.j.t.ThreadGroup: Starting thread group... number=1 threads=2 ramp-up=2 delayedStart=false
2024-03-08 10:26:54,595 INFO o.a.j.t.ThreadGroup: Started thread group number 1
2024-03-08 10:26:54,595 INFO o.a.j.e.StandardJMeterEngine: All thread groups have been started
2024-03-08 10:26:54,595 INFO o.a.j.t.JMeterThread: Thread started: Tiers360ThreadGroup 1-1
2024-03-08 10:26:54,599 INFO o.a.j.t.JMeterThread: Thread is done: Tiers360ThreadGroup 1-1
2024-03-08 10:26:54,599 INFO o.a.j.t.JMeterThread: Thread finished: Tiers360ThreadGroup 1-1
2024-03-08 10:26:55,596 INFO o.a.j.t.JMeterThread: Thread started: Tiers360ThreadGroup 1-2
2024-03-08 10:26:55,605 INFO o.a.j.t.JMeterThread: Thread is done: Tiers360ThreadGroup 1-2
2024-03-08 10:26:55,605 INFO o.a.j.t.JMeterThread: Thread finished: Tiers360ThreadGroup 1-2
2024-03-08 10:26:55,605 INFO o.a.j.e.StandardJMeterEngine: Notifying test listeners of end of test
2024-03-08 10:26:55,606 INFO o.a.j.g.u.JMeterMenuBar: setRunning(false, *local*)
2024-03-08 10:27:36,733 INFO o.a.j.e.StandardJMeterEngine: Running the test!
2024-03-08 10:27:36,733 INFO o.a.j.s.SampleEvent: List of sample_variables: []
2024-03-08 10:27:36,734 INFO o.a.j.g.u.JMeterMenuBar: setRunning(true, *local*)
2024-03-08 10:27:36,758 INFO o.a.j.e.StandardJMeterEngine: Starting ThreadGroup: 1 : Tiers360ThreadGroup
2024-03-08 10:27:36,758 INFO o.a.j.e.StandardJMeterEngine: Starting 2 threads for group Tiers360ThreadGroup.
2024-03-08 10:27:36,758 INFO o.a.j.e.StandardJMeterEngine: Thread will continue on error
2024-03-08 10:27:36,758 INFO o.a.j.t.ThreadGroup: Starting thread group... number=1 threads=2 ramp-up=2 delayedStart=false
2024-03-08 10:27:36,759 INFO o.a.j.t.ThreadGroup: Started thread group number 1
2024-03-08 10:27:36,759 INFO o.a.j.e.StandardJMeterEngine: All thread groups have been started
2024-03-08 10:27:36,759 INFO o.a.j.t.JMeterThread: Thread started: Tiers360ThreadGroup 1-1
2024-03-08 10:27:36,759 INFO o.a.j.t.JMeterThread: Thread is done: Tiers360ThreadGroup 1-1
2024-03-08 10:27:36,759 INFO o.a.j.t.JMeterThread: Thread finished: Tiers360ThreadGroup 1-1
2024-03-08 10:27:37,762 INFO o.a.j.t.JMeterThread: Thread started: Tiers360ThreadGroup 1-2
2024-03-08 10:27:37,764 INFO o.a.j.t.JMeterThread: Thread is done: Tiers360ThreadGroup 1-2
2024-03-08 10:27:37,764 INFO o.a.j.t.JMeterThread: Thread finished: Tiers360ThreadGroup 1-2
2024-03-08 10:27:37,764 INFO o.a.j.e.StandardJMeterEngine: Notifying test listeners of end of test
2024-03-08 10:27:37,765 INFO o.a.j.g.u.JMeterMenuBar: setRunning(false, *local*)
2024-03-08 10:27:49,416 INFO o.a.j.e.StandardJMeterEngine: Running the test!
2024-03-08 10:27:49,417 INFO o.a.j.s.SampleEvent: List of sample_variables: []
2024-03-08 10:27:49,417 INFO o.a.j.g.u.JMeterMenuBar: setRunning(true, *local*)
2024-03-08 10:27:49,443 INFO o.a.j.e.StandardJMeterEngine: Starting ThreadGroup: 1 : Tiers360ThreadGroup
2024-03-08 10:27:49,443 INFO o.a.j.e.StandardJMeterEngine: Starting 2 threads for group Tiers360ThreadGroup.
2024-03-08 10:27:49,443 INFO o.a.j.e.StandardJMeterEngine: Thread will continue on error
2024-03-08 10:27:49,443 INFO o.a.j.t.ThreadGroup: Starting thread group... number=1 threads=2 ramp-up=2 delayedStart=false
2024-03-08 10:27:49,444 INFO o.a.j.t.ThreadGroup: Started thread group number 1
2024-03-08 10:27:49,444 INFO o.a.j.t.JMeterThread: Thread started: Tiers360ThreadGroup 1-1
2024-03-08 10:27:49,444 INFO o.a.j.e.StandardJMeterEngine: All thread groups have been started
2024-03-08 10:27:49,445 INFO o.a.j.t.JMeterThread: Thread is done: Tiers360ThreadGroup 1-1
2024-03-08 10:27:49,445 INFO o.a.j.t.JMeterThread: Thread finished: Tiers360ThreadGroup 1-1
2024-03-08 10:27:50,448 INFO o.a.j.t.JMeterThread: Thread started: Tiers360ThreadGroup 1-2
2024-03-08 10:27:50,449 INFO o.a.j.t.JMeterThread: Thread is done: Tiers360ThreadGroup 1-2
2024-03-08 10:27:50,450 INFO o.a.j.t.JMeterThread: Thread finished: Tiers360ThreadGroup 1-2
2024-03-08 10:27:50,450 INFO o.a.j.e.StandardJMeterEngine: Notifying test listeners of end of test
2024-03-08 10:27:50,450 INFO o.a.j.g.u.JMeterMenuBar: setRunning(false, *local*)
